# JRE version: OpenJDK Runtime Environment (8.0_152-b01) (build 1.8.0_152-release-1024-b01)
# Java VM: OpenJDK 64-Bit Server VM (25.152-b01 mixed mode linux-amd64 compressed oops)
Heap:
 PSYoungGen      total 484864K, used 0K [0x00000000e0000000, 0x0000000100000000, 0x0000000100000000)
  eden space 447488K, 0% used [0x00000000e0000000,0x00000000e0000000,0x00000000fb500000)
  from space 37376K, 0% used [0x00000000fb500000,0x00000000fb500000,0x00000000fd980000)
  to   space 37376K, 0% used [0x00000000fdb80000,0x00000000fdb80000,0x0000000100000000)
 ParOldGen       total 82944K, used 65386K [0x00000000a0000000, 0x00000000a5100000, 0x00000000e0000000)
  object space 82944K, 78% used [0x00000000a0000000,0x00000000a3fdab90,0x00000000a5100000)
 Metaspace       used 111742K, capacity 115636K, committed 115928K, reserved 1150976K
  class space    used 13732K, capacity 14478K, committed 14592K, reserved 1048576K
GC Heap History (10 events):
Event: 7299.848 GC heap after
Heap after GC invocations=42 (full 5):
 PSYoungGen      total 482816K, used 26188K [0x00000000e0000000, 0x0000000100000000, 0x0000000100000000)
  eden space 444928K, 0% used [0x00000000e0000000,0x00000000e0000000,0x00000000fb280000)
  from space 37888K, 69% used [0x00000000fb280000,0x00000000fcc13390,0x00000000fd780000)
  to   space 38400K, 0% used [0x00000000fda80000,0x00000000fda80000,0x0000000100000000)
 ParOldGen       total 82944K, used 67504K [0x00000000a0000000, 0x00000000a5100000, 0x00000000e0000000)
  object space 82944K, 81% used [0x00000000a0000000,0x00000000a41ec3a0,0x00000000a5100000)
 Metaspace       used 111204K, capacity 114930K, committed 115032K, reserved 1150976K
  class space    used 13676K, capacity 14415K, committed 14464K, reserved 1048576K
}
Event: 7300.010 GC heap before
{Heap before GC invocations=43 (full 5):
 PSYoungGen      total 482816K, used 470177K [0x00000000e0000000, 0x0000000100000000, 0x0000000100000000)
  eden space 444928K, 99% used [0x00000000e0000000,0x00000000fb195258,0x00000000fb280000)
  from space 37888K, 69% used [0x00000000fb280000,0x00000000fcc13390,0x00000000fd780000)
  to   space 38400K, 0% used [0x00000000fda80000,0x00000000fda80000,0x0000000100000000)
 ParOldGen       total 82944K, used 67504K [0x00000000a0000000, 0x00000000a5100000, 0x00000000e0000000)
  object space 82944K, 81% used [0x00000000a0000000,0x00000000a41ec3a0,0x00000000a5100000)
 Metaspace       used 111204K, capacity 114930K, committed 115032K, reserved 1150976K
  class space    used 13676K, capacity 14415K, committed 14464K, reserved 1048576K
Event: 7300.035 GC heap after
Heap after GC invocations=43 (full 5):
 PSYoungGen      total 485888K, used 8519K [0x00000000e0000000, 0x0000000100000000, 0x0000000100000000)
  eden space 447488K, 0% used [0x00000000e0000000,0x00000000e0000000,0x00000000fb500000)
  from space 38400K, 22% used [0x00000000fda80000,0x00000000fe2d1f30,0x0000000100000000)
  to   space 38400K, 0% used [0x00000000fb500000,0x00000000fb500000,0x00000000fda80000)
 ParOldGen       total 82944K, used 67504K [0x00000000a0000000, 0x00000000a5100000, 0x00000000e0000000)
  object space 82944K, 81% used [0x00000000a0000000,0x00000000a41ec3a0,0x00000000a5100000)
 Metaspace       used 111204K, capacity 114930K, committed 115032K, reserved 1150976K
  class space    used 13676K, capacity 14415K, committed 14464K, reserved 1048576K
}
Event: 7627.128 GC heap before
{Heap before GC invocations=44 (full 5):
 PSYoungGen      total 485888K, used 456007K [0x00000000e0000000, 0x0000000100000000, 0x0000000100000000)
  eden space 447488K, 100% used [0x00000000e0000000,0x00000000fb500000,0x00000000fb500000)
  from space 38400K, 22% used [0x00000000fda80000,0x00000000fe2d1f30,0x0000000100000000)
  to   space 38400K, 0% used [0x00000000fb500000,0x00000000fb500000,0x00000000fda80000)
 ParOldGen       total 82944K, used 67504K [0x00000000a0000000, 0x00000000a5100000, 0x00000000e0000000)
  object space 82944K, 81% used [0x00000000a0000000,0x00000000a41ec3a0,0x00000000a5100000)
 Metaspace       used 111701K, capacity 115636K, committed 115928K, reserved 1150976K
  class space    used 13731K, capacity 14478K, committed 14592K, reserved 1048576K
Event: 7627.394 GC heap after
Heap after GC invocations=44 (full 5):
 PSYoungGen      total 463872K, used 16236K [0x00000000e0000000, 0x00000000ffe00000, 0x0000000100000000)
  eden space 447488K, 0% used [0x00000000e0000000,0x00000000e0000000,0x00000000fb500000)
  from space 16384K, 99% used [0x00000000fb500000,0x00000000fc4db1c8,0x00000000fc500000)
  to   space 37376K, 0% used [0x00000000fd980000,0x00000000fd980000,0x00000000ffe00000)
 ParOldGen       total 82944K, used 67536K [0x00000000a0000000, 0x00000000a5100000, 0x00000000e0000000)
  object space 82944K, 81% used [0x00000000a0000000,0x00000000a41f43a0,0x00000000a5100000)
 Metaspace       used 111701K, capacity 115636K, committed 115928K, reserved 1150976K
  class space    used 13731K, capacity 14478K, committed 14592K, reserved 1048576K
}
Event: 7629.514 GC heap before
{Heap before GC invocations=45 (full 5):
 PSYoungGen      total 463872K, used 463724K [0x00000000e0000000, 0x00000000ffe00000, 0x0000000100000000)
  eden space 447488K, 100% used [0x00000000e0000000,0x00000000fb500000,0x00000000fb500000)
  from space 16384K, 99% used [0x00000000fb500000,0x00000000fc4db1c8,0x00000000fc500000)
  to   space 37376K, 0% used [0x00000000fd980000,0x00000000fd980000,0x00000000ffe00000)
 ParOldGen       total 82944K, used 67536K [0x00000000a0000000, 0x00000000a5100000, 0x00000000e0000000)
  object space 82944K, 81% used [0x00000000a0000000,0x00000000a41f43a0,0x00000000a5100000)
 Metaspace       used 111712K, capacity 115636K, committed 115928K, reserved 1150976K
  class space    used 13731K, capacity 14478K, committed 14592K, reserved 1048576K
Event: 7629.546 GC heap after
Heap after GC invocations=45 (full 5):
 PSYoungGen      total 484864K, used 23839K [0x00000000e0000000, 0x0000000100000000, 0x0000000100000000)
  eden space 447488K, 0% used [0x00000000e0000000,0x00000000e0000000,0x00000000fb500000)
  from space 37376K, 63% used [0x00000000fd980000,0x00000000ff0c7e90,0x00000000ffe00000)
  to   space 37376K, 0% used [0x00000000fb500000,0x00000000fb500000,0x00000000fd980000)
 ParOldGen       total 82944K, used 71114K [0x00000000a0000000, 0x00000000a5100000, 0x00000000e0000000)
  object space 82944K, 85% used [0x00000000a0000000,0x00000000a4572850,0x00000000a5100000)
 Metaspace       used 111712K, capacity 115636K, committed 115928K, reserved 1150976K
  class space    used 13731K, capacity 14478K, committed 14592K, reserved 1048576K
}
Event: 7772.411 GC heap before
{Heap before GC invocations=46 (full 5):
 PSYoungGen      total 484864K, used 471327K [0x00000000e0000000, 0x0000000100000000, 0x0000000100000000)
  eden space 447488K, 100% used [0x00000000e0000000,0x00000000fb500000,0x00000000fb500000)
  from space 37376K, 63% used [0x00000000fd980000,0x00000000ff0c7e90,0x00000000ffe00000)
  to   space 37376K, 0% used [0x00000000fb500000,0x00000000fb500000,0x00000000fd980000)
 ParOldGen       total 82944K, used 71114K [0x00000000a0000000, 0x00000000a5100000, 0x00000000e0000000)
  object space 82944K, 85% used [0x00000000a0000000,0x00000000a4572850,0x00000000a5100000)
 Metaspace       used 111742K, capacity 115636K, committed 115928K, reserved 1150976K
  class space    used 13732K, capacity 14478K, committed 14592K, reserved 1048576K
Event: 7773.386 GC heap after
Heap after GC invocations=46 (full 5):
 PSYoungGen      total 484864K, used 6528K [0x00000000e0000000, 0x0000000100000000, 0x0000000100000000)
  eden space 447488K, 0% used [0x00000000e0000000,0x00000000e0000000,0x00000000fb500000)
  from space 37376K, 17% used [0x00000000fb500000,0x00000000fbb600a0,0x00000000fd980000)
  to   space 37376K, 0% used [0x00000000fdb80000,0x00000000fdb80000,0x0000000100000000)
 ParOldGen       total 82944K, used 73787K [0x00000000a0000000, 0x00000000a5100000, 0x00000000e0000000)
  object space 82944K, 88% used [0x00000000a0000000,0x00000000a480ef70,0x00000000a5100000)
 Metaspace       used 111742K, capacity 115636K, committed 115928K, reserved 1150976K
  class space    used 13732K, capacity 14478K, committed 14592K, reserved 1048576K
}
Event: 7773.648 GC heap before
{Heap before GC invocations=47 (full 6):
 PSYoungGen      total 484864K, used 6528K [0x00000000e0000000, 0x0000000100000000, 0x0000000100000000)
  eden space 447488K, 0% used [0x00000000e0000000,0x00000000e0000000,0x00000000fb500000)
  from space 37376K, 17% used [0x00000000fb500000,0x00000000fbb600a0,0x00000000fd980000)
  to   space 37376K, 0% used [0x00000000fdb80000,0x00000000fdb80000,0x0000000100000000)
 ParOldGen       total 82944K, used 73787K [0x00000000a0000000, 0x00000000a5100000, 0x00000000e0000000)
  object space 82944K, 88% used [0x00000000a0000000,0x00000000a480ef70,0x00000000a5100000)
 Metaspace       used 111742K, capacity 115636K, committed 115928K, reserved 1150976K
  class space    used 13732K, capacity 14478K, committed 14592K, reserved 1048576K

