# JRE version: OpenJDK Runtime Environment (8.0_152-b01) (build 1.8.0_152-release-1024-b01)
# Java VM: OpenJDK 64-Bit Server VM (25.152-b01 mixed mode linux-amd64 compressed oops)
Heap:
 PSYoungGen      total 90624K, used 15842K [0x00000000e0000000, 0x00000000e7300000, 0x0000000100000000)
  eden space 74752K, 0% used [0x00000000e0000000,0x00000000e0000000,0x00000000e4900000)
  from space 15872K, 99% used [0x00000000e5400000,0x00000000e6378930,0x00000000e6380000)
  to   space 13824K, 0% used [0x00000000e6580000,0x00000000e6580000,0x00000000e7300000)
 ParOldGen       total 64000K, used 25125K [0x00000000a0000000, 0x00000000a3e80000, 0x00000000e0000000)
  object space 64000K, 39% used [0x00000000a0000000,0x00000000a1889580,0x00000000a3e80000)
 Metaspace       used 47070K, capacity 47917K, committed 48128K, reserved 1091584K
  class space    used 5952K, capacity 6132K, committed 6144K, reserved 1048576K
GC Heap History (10 events):
Event: 4.460 GC heap after
Heap after GC invocations=9 (full 2):
 PSYoungGen      total 59904K, used 6152K [0x00000000e0000000, 0x00000000e4c00000, 0x0000000100000000)
  eden space 51200K, 0% used [0x00000000e0000000,0x00000000e0000000,0x00000000e3200000)
  from space 8704K, 70% used [0x00000000e3200000,0x00000000e3802198,0x00000000e3a80000)
  to   space 8704K, 0% used [0x00000000e4380000,0x00000000e4380000,0x00000000e4c00000)
 ParOldGen       total 38400K, used 13149K [0x00000000a0000000, 0x00000000a2580000, 0x00000000e0000000)
  object space 38400K, 34% used [0x00000000a0000000,0x00000000a0cd7438,0x00000000a2580000)
 Metaspace       used 27274K, capacity 27780K, committed 28032K, reserved 1073152K
  class space    used 3486K, capacity 3602K, committed 3712K, reserved 1048576K
}
Event: 5.459 GC heap before
{Heap before GC invocations=10 (full 2):
 PSYoungGen      total 59904K, used 57352K [0x00000000e0000000, 0x00000000e4c00000, 0x0000000100000000)
  eden space 51200K, 100% used [0x00000000e0000000,0x00000000e3200000,0x00000000e3200000)
  from space 8704K, 70% used [0x00000000e3200000,0x00000000e3802198,0x00000000e3a80000)
  to   space 8704K, 0% used [0x00000000e4380000,0x00000000e4380000,0x00000000e4c00000)
 ParOldGen       total 38400K, used 13149K [0x00000000a0000000, 0x00000000a2580000, 0x00000000e0000000)
  object space 38400K, 34% used [0x00000000a0000000,0x00000000a0cd7438,0x00000000a2580000)
 Metaspace       used 33229K, capacity 33797K, committed 34048K, reserved 1079296K
  class space    used 4175K, capacity 4318K, committed 4352K, reserved 1048576K
Event: 5.490 GC heap after
Heap after GC invocations=10 (full 2):
 PSYoungGen      total 64512K, used 8693K [0x00000000e0000000, 0x00000000e6000000, 0x0000000100000000)
  eden space 55808K, 0% used [0x00000000e0000000,0x00000000e0000000,0x00000000e3680000)
  from space 8704K, 99% used [0x00000000e4380000,0x00000000e4bfd6d0,0x00000000e4c00000)
  to   space 13312K, 0% used [0x00000000e3680000,0x00000000e3680000,0x00000000e4380000)
 ParOldGen       total 38400K, used 20822K [0x00000000a0000000, 0x00000000a2580000, 0x00000000e0000000)
  object space 38400K, 54% used [0x00000000a0000000,0x00000000a1455af0,0x00000000a2580000)
 Metaspace       used 33229K, capacity 33797K, committed 34048K, reserved 1079296K
  class space    used 4175K, capacity 4318K, committed 4352K, reserved 1048576K
}
Event: 5.643 GC heap before
{Heap before GC invocations=11 (full 2):
 PSYoungGen      total 64512K, used 18452K [0x00000000e0000000, 0x00000000e6000000, 0x0000000100000000)
  eden space 55808K, 17% used [0x00000000e0000000,0x00000000e0987b10,0x00000000e3680000)
  from space 8704K, 99% used [0x00000000e4380000,0x00000000e4bfd6d0,0x00000000e4c00000)
  to   space 13312K, 0% used [0x00000000e3680000,0x00000000e3680000,0x00000000e4380000)
 ParOldGen       total 38400K, used 20822K [0x00000000a0000000, 0x00000000a2580000, 0x00000000e0000000)
  object space 38400K, 54% used [0x00000000a0000000,0x00000000a1455af0,0x00000000a2580000)
 Metaspace       used 34744K, capacity 35249K, committed 35496K, reserved 1081344K
  class space    used 4403K, capacity 4544K, committed 4608K, reserved 1048576K
Event: 5.665 GC heap after
Heap after GC invocations=11 (full 2):
 PSYoungGen      total 69120K, used 10803K [0x00000000e0000000, 0x00000000e7380000, 0x0000000100000000)
  eden space 55808K, 0% used [0x00000000e0000000,0x00000000e0000000,0x00000000e3680000)
  from space 13312K, 81% used [0x00000000e3680000,0x00000000e410ce88,0x00000000e4380000)
  to   space 14336K, 0% used [0x00000000e6580000,0x00000000e6580000,0x00000000e7380000)
 ParOldGen       total 38400K, used 20830K [0x00000000a0000000, 0x00000000a2580000, 0x00000000e0000000)
  object space 38400K, 54% used [0x00000000a0000000,0x00000000a1457af0,0x00000000a2580000)
 Metaspace       used 34744K, capacity 35249K, committed 35496K, reserved 1081344K
  class space    used 4403K, capacity 4544K, committed 4608K, reserved 1048576K
}
Event: 5.665 GC heap before
{Heap before GC invocations=12 (full 3):
 PSYoungGen      total 69120K, used 10803K [0x00000000e0000000, 0x00000000e7380000, 0x0000000100000000)
  eden space 55808K, 0% used [0x00000000e0000000,0x00000000e0000000,0x00000000e3680000)
  from space 13312K, 81% used [0x00000000e3680000,0x00000000e410ce88,0x00000000e4380000)
  to   space 14336K, 0% used [0x00000000e6580000,0x00000000e6580000,0x00000000e7380000)
 ParOldGen       total 38400K, used 20830K [0x00000000a0000000, 0x00000000a2580000, 0x00000000e0000000)
  object space 38400K, 54% used [0x00000000a0000000,0x00000000a1457af0,0x00000000a2580000)
 Metaspace       used 34744K, capacity 35249K, committed 35496K, reserved 1081344K
  class space    used 4403K, capacity 4544K, committed 4608K, reserved 1048576K
Event: 5.773 GC heap after
Heap after GC invocations=12 (full 3):
 PSYoungGen      total 69120K, used 0K [0x00000000e0000000, 0x00000000e7380000, 0x0000000100000000)
  eden space 55808K, 0% used [0x00000000e0000000,0x00000000e0000000,0x00000000e3680000)
  from space 13312K, 0% used [0x00000000e3680000,0x00000000e3680000,0x00000000e4380000)
  to   space 14336K, 0% used [0x00000000e6580000,0x00000000e6580000,0x00000000e7380000)
 ParOldGen       total 64000K, used 18803K [0x00000000a0000000, 0x00000000a3e80000, 0x00000000e0000000)
  object space 64000K, 29% used [0x00000000a0000000,0x00000000a125cfb0,0x00000000a3e80000)
 Metaspace       used 34744K, capacity 35249K, committed 35496K, reserved 1081344K
  class space    used 4403K, capacity 4544K, committed 4608K, reserved 1048576K
}
Event: 7.196 GC heap before
{Heap before GC invocations=13 (full 3):
 PSYoungGen      total 69120K, used 55808K [0x00000000e0000000, 0x00000000e7380000, 0x0000000100000000)
  eden space 55808K, 100% used [0x00000000e0000000,0x00000000e3680000,0x00000000e3680000)
  from space 13312K, 0% used [0x00000000e3680000,0x00000000e3680000,0x00000000e4380000)
  to   space 14336K, 0% used [0x00000000e6580000,0x00000000e6580000,0x00000000e7380000)
 ParOldGen       total 64000K, used 18803K [0x00000000a0000000, 0x00000000a3e80000, 0x00000000e0000000)
  object space 64000K, 29% used [0x00000000a0000000,0x00000000a125cfb0,0x00000000a3e80000)
 Metaspace       used 40663K, capacity 41329K, committed 41728K, reserved 1085440K
  class space    used 5118K, capacity 5262K, committed 5376K, reserved 1048576K
Event: 7.221 GC heap after
Heap after GC invocations=13 (full 3):
 PSYoungGen      total 88576K, used 13815K [0x00000000e0000000, 0x00000000e7300000, 0x0000000100000000)
  eden space 74752K, 0% used [0x00000000e0000000,0x00000000e0000000,0x00000000e4900000)
  from space 13824K, 99% used [0x00000000e6580000,0x00000000e72fde48,0x00000000e7300000)
  to   space 15872K, 0% used [0x00000000e5400000,0x00000000e5400000,0x00000000e6380000)
 ParOldGen       total 64000K, used 18811K [0x00000000a0000000, 0x00000000a3e80000, 0x00000000e0000000)
  object space 64000K, 29% used [0x00000000a0000000,0x00000000a125efb0,0x00000000a3e80000)
 Metaspace       used 40663K, capacity 41329K, committed 41728K, reserved 1085440K
  class space    used 5118K, capacity 5262K, committed 5376K, reserved 1048576K
}
Event: 11.068 GC heap before
{Heap before GC invocations=14 (full 3):
 PSYoungGen      total 88576K, used 88567K [0x00000000e0000000, 0x00000000e7300000, 0x0000000100000000)
  eden space 74752K, 100% used [0x00000000e0000000,0x00000000e4900000,0x00000000e4900000)
  from space 13824K, 99% used [0x00000000e6580000,0x00000000e72fde48,0x00000000e7300000)
  to   space 15872K, 0% used [0x00000000e5400000,0x00000000e5400000,0x00000000e6380000)
 ParOldGen       total 64000K, used 18811K [0x00000000a0000000, 0x00000000a3e80000, 0x00000000e0000000)
  object space 64000K, 29% used [0x00000000a0000000,0x00000000a125efb0,0x00000000a3e80000)
 Metaspace       used 47070K, capacity 47917K, committed 48128K, reserved 1091584K
  class space    used 5952K, capacity 6132K, committed 6144K, reserved 1048576K

